#! /usr/bin/vvp
:ivl_version "12.0 (stable)";
:ivl_delay_selection "TYPICAL";
:vpi_time_precision - 11;
:vpi_module "/usr/lib/x86_64-linux-gnu/ivl/system.vpi";
:vpi_module "/usr/lib/x86_64-linux-gnu/ivl/vhdl_sys.vpi";
:vpi_module "/usr/lib/x86_64-linux-gnu/ivl/vhdl_textio.vpi";
:vpi_module "/usr/lib/x86_64-linux-gnu/ivl/v2005_math.vpi";
:vpi_module "/usr/lib/x86_64-linux-gnu/ivl/va_math.vpi";
S_0x6379136add90 .scope module, "ha_v1_tb" "ha_v1_tb" 2 5;
 .timescale -9 -11;
v0x6379136d3180_0 .var "test_a", 0 0;
v0x6379136d3240_0 .var "test_b", 0 0;
v0x6379136d3310_0 .net "test_carry", 0 0, L_0x6379136d3640;  1 drivers
v0x6379136d3410_0 .net "test_sum", 0 0, L_0x6379136d34e0;  1 drivers
S_0x6379136c1ee0 .scope module, "ha1" "ha_v1" 2 12, 3 3 0, S_0x6379136add90;
 .timescale -9 -11;
    .port_info 0 /OUTPUT 1 "sum";
    .port_info 1 /OUTPUT 1 "carry";
    .port_info 2 /INPUT 1 "a";
    .port_info 3 /INPUT 1 "b";
L_0x6379136d34e0 .functor XOR 1, v0x6379136d3180_0, v0x6379136d3240_0, C4<0>, C4<0>;
L_0x6379136d3640 .functor AND 1, v0x6379136d3180_0, v0x6379136d3240_0, C4<1>, C4<1>;
v0x6379136c2130_0 .net "a", 0 0, v0x6379136d3180_0;  1 drivers
v0x6379136d2e80_0 .net "b", 0 0, v0x6379136d3240_0;  1 drivers
v0x6379136d2f40_0 .net "carry", 0 0, L_0x6379136d3640;  alias, 1 drivers
v0x6379136d3010_0 .net "sum", 0 0, L_0x6379136d34e0;  alias, 1 drivers
    .scope S_0x6379136add90;
T_0 ;
    %vpi_call 2 22 "$monitor", "tiempo=%0d a=%b b=%b suma=%b acarreo=%b", $time, v0x6379136d3180_0, v0x6379136d3240_0, v0x6379136d3410_0, v0x6379136d3310_0 {0 0 0};
    %vpi_call 2 23 "$dumpfile", "ha_v1_tb.vcd" {0 0 0};
    %vpi_call 2 24 "$dumpvars" {0 0 0};
    %pushi/vec4 0, 0, 1;
    %store/vec4 v0x6379136d3180_0, 0, 1;
    %pushi/vec4 0, 0, 1;
    %store/vec4 v0x6379136d3240_0, 0, 1;
    %delay 2000, 0;
    %pushi/vec4 0, 0, 1;
    %store/vec4 v0x6379136d3180_0, 0, 1;
    %pushi/vec4 1, 0, 1;
    %store/vec4 v0x6379136d3240_0, 0, 1;
    %delay 2000, 0;
    %pushi/vec4 1, 0, 1;
    %store/vec4 v0x6379136d3180_0, 0, 1;
    %pushi/vec4 0, 0, 1;
    %store/vec4 v0x6379136d3240_0, 0, 1;
    %delay 2000, 0;
    %pushi/vec4 1, 0, 1;
    %store/vec4 v0x6379136d3180_0, 0, 1;
    %pushi/vec4 1, 0, 1;
    %store/vec4 v0x6379136d3240_0, 0, 1;
    %delay 2000, 0;
    %vpi_call 2 45 "$finish" {0 0 0};
    %end;
    .thread T_0;
# The file index is used to find the file name in the following table.
:file_names 4;
    "N/A";
    "<interactive>";
    "ha_v1_tb.v";
    "ha_v1.v";
